<?xml version="1.0" encoding="UTF-8"?>
<!-- Generated by org.testng.reporters.JUnitXMLReporter -->
<testsuite ignored="0" hostname="LAPTOP-KBNO7HO9" failures="0" tests="3" name="Test" time="153.336" errors="0" timestamp="22 Nov 2023 04:25:30 GMT">
  <testcase classname="test.TC001_RegisterTest" name="registerTest" time="0.0">
    <skipped/>
  </testcase> <!-- registerTest -->
  <testcase classname="test.TC002_LogInTest" name="logInTest" time="57.238"/>
  <testcase classname="test.TC002_LogInTest" name="logInTest" time="69.083"/>
</testsuite> <!-- Test -->
