<?xml version="1.0" encoding="UTF-8"?>
<testng-results ignored="0" total="1" passed="1" failed="0" skipped="0">
  <reporter-output>
  </reporter-output>
  <suite started-at="2023-12-06T07:03:38Z" name="Suite" finished-at="2023-12-06T07:07:53Z" duration-ms="254475">
    <groups>
    </groups>
    <test started-at="2023-12-06T07:03:38Z" name="Test" finished-at="2023-12-06T07:07:53Z" duration-ms="254475">
      <class name="test.TC007_AddToCart">
        <test-method is-config="true" signature="setup()[pri:0, instance:test.TC007_AddToCart@795509d9]" started-at="2023-12-06T12:33:38Z" name="setup" finished-at="2023-12-06T12:33:38Z" duration-ms="15" status="PASS">
          <reporter-output>
          </reporter-output>
        </test-method> <!-- setup -->
        <test-method is-config="true" signature="browserLaunch(java.lang.String, java.lang.String)[pri:0, instance:test.TC007_AddToCart@795509d9]" started-at="2023-12-06T12:33:41Z" name="browserLaunch" finished-at="2023-12-06T12:33:58Z" duration-ms="17177" status="PASS">
          <params>
            <param index="0">
              <value>
                <![CDATA[chrome]]>
              </value>
            </param>
            <param index="1">
              <value>
                <![CDATA[https://www.bestbuy.com/]]>
              </value>
            </param>
          </params>
          <reporter-output>
          </reporter-output>
        </test-method> <!-- browserLaunch -->
        <test-method signature="AddToCartPageTest(java.lang.String, java.lang.String, java.lang.String, java.lang.String, java.lang.String, java.lang.String, java.lang.String)[pri:0, instance:test.TC007_AddToCart@795509d9]" started-at="2023-12-06T12:33:58Z" name="AddToCartPageTest" data-provider="getData" finished-at="2023-12-06T12:37:51Z" duration-ms="233470" status="PASS">
          <params>
            <param index="0">
              <value>
                <![CDATA[Mobile]]>
              </value>
            </param>
            <param index="1">
              <value>
                <![CDATA[Kavin]]>
              </value>
            </param>
            <param index="2">
              <value>
                <![CDATA[Roshan]]>
              </value>
            </param>
            <param index="3">
              <value>
                <![CDATA[9778456321]]>
              </value>
            </param>
            <param index="4">
              <value>
                <![CDATA[kavinroshan111@gmail.com]]>
              </value>
            </param>
            <param index="5">
              <value>
                <![CDATA[kavinroshan111@gmail.com]]>
              </value>
            </param>
            <param index="6">
              <value>
                <![CDATA[9778456321]]>
              </value>
            </param>
          </params>
          <reporter-output>
          </reporter-output>
        </test-method> <!-- AddToCartPageTest -->
        <test-method is-config="true" signature="closeBrowser()[pri:0, instance:test.TC007_AddToCart@795509d9]" started-at="2023-12-06T12:37:53Z" name="closeBrowser" finished-at="2023-12-06T12:37:53Z" duration-ms="1" status="PASS">
          <reporter-output>
          </reporter-output>
        </test-method> <!-- closeBrowser -->
      </class> <!-- test.TC007_AddToCart -->
    </test> <!-- Test -->
  </suite> <!-- Suite -->
</testng-results>
